<?xml version="1.0" encoding="UTF-8"?>
<!-- Generated by org.testng.reporters.JUnitReportReporter -->
<testsuite hostname="Lenovo" failures="0" tests="1" name="rest.apis.UserServiceTest" time="5.969" errors="0" timestamp="2024-10-02T10:11:28 IST" skipped="0">
  <testcase classname="rest.apis.UserServiceTest" name="deleteUserWithDELETE" time="5.969"/>
  <system-out/>
</testsuite> <!-- rest.apis.UserServiceTest -->
